TN:
SF:src\app.ts
FN:43,(anonymous_1)
FN:72,(anonymous_2)
FN:82,(anonymous_3)
FN:97,(anonymous_4)
FN:112,(anonymous_5)
FN:127,(anonymous_6)
FN:134,(anonymous_7)
FNF:7
FNH:0
FNDA:0,(anonymous_1)
FNDA:0,(anonymous_2)
FNDA:0,(anonymous_3)
FNDA:0,(anonymous_4)
FNDA:0,(anonymous_5)
FNDA:0,(anonymous_6)
FNDA:0,(anonymous_7)
DA:1,0
DA:2,0
DA:3,0
DA:4,0
DA:5,0
DA:6,0
DA:7,0
DA:8,0
DA:9,0
DA:12,0
DA:13,0
DA:14,0
DA:15,0
DA:16,0
DA:19,0
DA:21,0
DA:22,0
DA:25,0
DA:28,0
DA:37,0
DA:41,0
DA:44,0
DA:45,0
DA:47,0
DA:55,0
DA:56,0
DA:59,0
DA:62,0
DA:65,0
DA:66,0
DA:67,0
DA:68,0
DA:69,0
DA:72,0
DA:73,0
DA:82,0
DA:83,0
DA:90,0
DA:93,0
DA:94,0
DA:97,0
DA:98,0
DA:101,0
DA:102,0
DA:103,0
DA:104,0
DA:106,0
DA:109,0
DA:112,0
DA:113,0
DA:115,0
DA:116,0
DA:117,0
DA:118,0
DA:120,0
DA:123,0
DA:127,0
DA:128,0
DA:129,0
DA:130,0
DA:134,0
DA:135,0
DA:138,0
LF:63
LH:0
BRDA:22,0,0,0
BRDA:22,0,1,0
BRDA:31,1,0,0
BRDA:31,1,1,0
BRDA:37,2,0,0
BRDA:37,2,1,0
BRDA:38,3,0,0
BRDA:38,3,1,0
BRDA:44,4,0,0
BRDA:44,4,1,0
BRDA:44,5,0,0
BRDA:44,5,1,0
BRDA:129,6,0,0
BRDA:129,6,1,0
BRF:14
BRH:0
end_of_record
TN:
SF:src\controllers\authController.ts
FN:11,(anonymous_1)
FN:65,(anonymous_2)
FN:109,(anonymous_3)
FN:132,(anonymous_4)
FNF:4
FNH:0
FNDA:0,(anonymous_1)
FNDA:0,(anonymous_2)
FNDA:0,(anonymous_3)
FNDA:0,(anonymous_4)
DA:2,0
DA:3,0
DA:4,0
DA:5,0
DA:6,0
DA:9,0
DA:11,0
DA:16,0
DA:18,0
DA:20,0
DA:21,0
DA:22,0
DA:25,0
DA:26,0
DA:28,0
DA:40,0
DA:46,0
DA:61,0
DA:65,0
DA:70,0
DA:71,0
DA:73,0
DA:74,0
DA:75,0
DA:78,0
DA:79,0
DA:80,0
DA:84,0
DA:90,0
DA:105,0
DA:109,0
DA:114,0
DA:115,0
DA:119,0
DA:120,0
DA:123,0
DA:128,0
DA:132,0
DA:133,0
LF:39
LH:0
BRDA:21,0,0,0
BRDA:43,1,0,0
BRDA:43,1,1,0
BRDA:74,2,0,0
BRDA:79,3,0,0
BRDA:87,4,0,0
BRDA:87,4,1,0
BRDA:119,5,0,0
BRF:8
BRH:0
end_of_record
TN:
SF:src\controllers\billingController.ts
FN:11,(anonymous_1)
FN:55,(anonymous_2)
FN:95,(anonymous_3)
FN:121,(anonymous_4)
FN:142,(anonymous_5)
FNF:5
FNH:0
FNDA:0,(anonymous_1)
FNDA:0,(anonymous_2)
FNDA:0,(anonymous_3)
FNDA:0,(anonymous_4)
FNDA:0,(anonymous_5)
DA:2,0
DA:3,0
DA:5,0
DA:6,0
DA:7,0
DA:9,0
DA:11,0
DA:16,0
DA:17,0
DA:19,0
DA:30,0
DA:31,0
DA:34,0
DA:35,0
DA:42,0
DA:51,0
DA:55,0
DA:60,0
DA:61,0
DA:62,0
DA:64,0
DA:65,0
DA:67,0
DA:68,0
DA:69,0
DA:71,0
DA:78,0
DA:91,0
DA:95,0
DA:100,0
DA:101,0
DA:102,0
DA:104,0
DA:108,0
DA:109,0
DA:112,0
DA:117,0
DA:121,0
DA:126,0
DA:127,0
DA:128,0
DA:130,0
DA:132,0
DA:138,0
DA:142,0
DA:147,0
DA:149,0
DA:150,0
DA:153,0
DA:155,0
DA:156,0
DA:160,0
DA:163,0
DA:164,0
DA:166,0
DA:172,0
LF:56
LH:0
BRDA:30,0,0,0
BRDA:35,1,0,0
BRDA:35,1,1,0
BRDA:62,2,0,0
BRDA:62,3,0,0
BRDA:65,4,0,0
BRDA:108,5,0,0
BRDA:149,6,0,0
BRDA:149,6,1,0
BRDA:155,7,0,0
BRF:10
BRH:0
end_of_record
TN:
SF:src\controllers\dashboardController.ts
FN:9,(anonymous_1)
FNF:1
FNH:0
FNDA:0,(anonymous_1)
DA:2,0
DA:3,0
DA:4,0
DA:7,0
DA:9,0
DA:14,0
DA:15,0
DA:18,0
DA:19,0
DA:20,0
DA:24,0
DA:28,0
DA:32,0
DA:36,0
DA:41,0
DA:45,0
DA:49,0
DA:54,0
DA:68,0
DA:73,0
DA:78,0
DA:79,0
DA:87,0
DA:102,0
DA:131,0
LF:25
LH:0
BRDA:19,0,0,0
BRDA:79,1,0,0
BRDA:79,1,1,0
BRF:3
BRH:0
end_of_record
TN:
SF:src\controllers\endUserController.ts
FN:12,(anonymous_1)
FN:16,(anonymous_2)
FN:61,(anonymous_3)
FN:103,(anonymous_4)
FN:184,(anonymous_5)
FN:213,(anonymous_6)
FN:235,(anonymous_7)
FN:267,(anonymous_8)
FN:292,updateClientBilling
FNF:9
FNH:0
FNDA:0,(anonymous_1)
FNDA:0,(anonymous_2)
FNDA:0,(anonymous_3)
FNDA:0,(anonymous_4)
FNDA:0,(anonymous_5)
FNDA:0,(anonymous_6)
FNDA:0,(anonymous_7)
FNDA:0,(anonymous_8)
FNDA:0,updateClientBilling
DA:2,0
DA:3,0
DA:4,0
DA:6,0
DA:7,0
DA:9,0
DA:12,0
DA:13,0
DA:16,0
DA:17,0
DA:18,0
DA:19,0
DA:21,0
DA:23,0
DA:24,0
DA:27,0
DA:28,0
DA:29,0
DA:33,0
DA:34,0
DA:35,0
DA:37,0
DA:44,0
DA:57,0
DA:61,0
DA:62,0
DA:63,0
DA:64,0
DA:66,0
DA:70,0
DA:71,0
DA:76,0
DA:77,0
DA:79,0
DA:82,0
DA:88,0
DA:90,0
DA:99,0
DA:103,0
DA:104,0
DA:105,0
DA:106,0
DA:108,0
DA:109,0
DA:112,0
DA:113,0
DA:116,0
DA:117,0
DA:120,0
DA:127,0
DA:128,0
DA:136,0
DA:138,0
DA:139,0
DA:142,0
DA:143,0
DA:145,0
DA:148,0
DA:154,0
DA:159,0
DA:160,0
DA:161,0
DA:162,0
DA:163,0
DA:164,0
DA:168,0
DA:170,0
DA:179,0
DA:184,0
DA:185,0
DA:186,0
DA:187,0
DA:189,0
DA:191,0
DA:201,0
DA:203,0
DA:209,0
DA:213,0
DA:214,0
DA:215,0
DA:216,0
DA:218,0
DA:222,0
DA:223,0
DA:226,0
DA:231,0
DA:235,0
DA:236,0
DA:237,0
DA:238,0
DA:240,0
DA:244,0
DA:245,0
DA:248,0
DA:250,0
DA:251,0
DA:254,0
DA:255,0
DA:257,0
DA:263,0
DA:267,0
DA:268,0
DA:269,0
DA:270,0
DA:272,0
DA:276,0
DA:277,0
DA:280,0
DA:281,0
DA:283,0
DA:288,0
DA:293,0
DA:300,0
DA:302,0
LF:114
LH:0
BRDA:19,0,0,0
BRDA:19,1,0,0
BRDA:23,2,0,0
BRDA:27,3,0,0
BRDA:70,4,0,0
BRDA:76,5,0,0
BRDA:76,5,1,0
BRDA:108,6,0,0
BRDA:108,7,0,0
BRDA:108,7,1,0
BRDA:108,7,2,0
BRDA:112,8,0,0
BRDA:116,9,0,0
BRDA:127,10,0,0
BRDA:139,11,0,0
BRDA:139,11,1,0
BRDA:142,12,0,0
BRDA:142,12,1,0
BRDA:159,13,0,0
BRDA:159,13,1,0
BRDA:162,14,0,0
BRDA:222,15,0,0
BRDA:244,16,0,0
BRDA:250,17,0,0
BRDA:276,18,0,0
BRF:25
BRH:0
end_of_record
TN:
SF:src\controllers\reminderController.ts
FN:9,(anonymous_1)
FN:56,(anonymous_2)
FN:115,(anonymous_3)
FNF:3
FNH:0
FNDA:0,(anonymous_1)
FNDA:0,(anonymous_2)
FNDA:0,(anonymous_3)
DA:2,0
DA:3,0
DA:5,0
DA:7,0
DA:9,0
DA:14,0
DA:15,0
DA:16,0
DA:18,0
DA:20,0
DA:21,0
DA:23,0
DA:25,0
DA:39,0
DA:52,0
DA:56,0
DA:61,0
DA:62,0
DA:63,0
DA:65,0
DA:66,0
DA:69,0
DA:74,0
DA:75,0
DA:78,0
DA:80,0
DA:90,0
DA:92,0
DA:103,0
DA:105,0
DA:111,0
DA:115,0
DA:120,0
DA:121,0
DA:122,0
DA:124,0
DA:135,0
DA:136,0
DA:139,0
DA:140,0
DA:143,0
DA:144,0
DA:146,0
DA:156,0
DA:158,0
DA:164,0
DA:170,0
LF:47
LH:0
BRDA:16,0,0,0
BRDA:16,1,0,0
BRDA:20,2,0,0
BRDA:21,3,0,0
BRDA:65,4,0,0
BRDA:74,5,0,0
BRDA:135,6,0,0
BRDA:139,7,0,0
BRF:8
BRH:0
end_of_record
TN:
SF:src\middleware\auth.ts
FN:14,(anonymous_1)
FNF:1
FNH:0
FNDA:0,(anonymous_1)
DA:2,0
DA:3,0
DA:14,0
DA:19,0
DA:20,0
DA:22,0
DA:23,0
DA:26,0
DA:27,0
DA:29,0
DA:30,0
DA:32,0
DA:34,0
DA:35,0
DA:36,0
DA:37,0
DA:39,0
LF:17
LH:0
BRDA:22,0,0,0
BRDA:22,1,0,0
BRDA:22,1,1,0
BRDA:27,2,0,0
BRDA:27,2,1,0
BRDA:34,3,0,0
BRDA:34,3,1,0
BRDA:36,4,0,0
BRDA:36,4,1,0
BRF:9
BRH:0
end_of_record
TN:
SF:src\middleware\errorHandler.ts
FN:8,(anonymous_1)
FN:44,(anonymous_2)
FNF:2
FNH:0
FNDA:0,(anonymous_1)
FNDA:0,(anonymous_2)
DA:2,0
DA:8,0
DA:14,0
DA:17,0
DA:27,0
DA:31,0
DA:41,0
DA:45,0
DA:46,0
DA:47,0
LF:10
LH:0
BRDA:14,0,0,0
BRDA:14,0,1,0
BRDA:27,1,0,0
BRDA:27,1,1,0
BRDA:27,2,0,0
BRDA:27,2,1,0
BRDA:34,3,0,0
BRDA:34,3,1,0
BRF:8
BRH:0
end_of_record
TN:
SF:src\middleware\ipWhitelist.ts
FN:5,(anonymous_1)
FN:12,(anonymous_2)
FNF:2
FNH:0
FNDA:0,(anonymous_1)
FNDA:0,(anonymous_2)
DA:2,0
DA:3,0
DA:5,0
DA:12,0
DA:15,0
DA:19,0
DA:22,0
DA:25,0
DA:26,0
DA:27,0
DA:30,0
LF:11
LH:0
BRDA:12,0,0,0
BRDA:12,0,1,0
BRDA:15,1,0,0
BRDA:16,2,0,0
BRDA:16,2,1,0
BRDA:22,3,0,0
BRDA:22,3,1,0
BRDA:22,3,2,0
BRDA:25,4,0,0
BRF:9
BRH:0
end_of_record
TN:
SF:src\middleware\rateLimiter.ts
FNF:0
FNH:0
DA:1,0
DA:4,0
DA:16,0
DA:29,0
LF:4
LH:0
BRDA:5,0,0,0
BRDA:5,0,1,0
BRDA:6,1,0,0
BRDA:6,1,1,0
BRDA:18,2,0,0
BRDA:18,2,1,0
BRF:6
BRH:0
end_of_record
TN:
SF:src\middleware\requestLogger.ts
FN:4,(anonymous_1)
FN:20,(anonymous_2)
FNF:2
FNH:0
FNDA:0,(anonymous_1)
FNDA:0,(anonymous_2)
DA:2,0
DA:4,0
DA:9,0
DA:12,0
DA:20,0
DA:21,0
DA:22,0
DA:30,0
LF:8
LH:0
BRF:0
BRH:0
end_of_record
TN:
SF:src\middleware\validator.ts
FN:5,(anonymous_1)
FN:6,(anonymous_2)
FN:11,(anonymous_3)
FNF:3
FNH:0
FNDA:0,(anonymous_1)
FNDA:0,(anonymous_2)
FNDA:0,(anonymous_3)
DA:2,0
DA:3,0
DA:5,0
DA:6,0
DA:7,0
DA:9,0
DA:10,0
DA:11,0
DA:13,0
DA:16,0
DA:20,0
LF:11
LH:0
BRDA:9,0,0,0
BRF:1
BRH:0
end_of_record
TN:
SF:src\routes\auth.ts
FNF:0
FNH:0
DA:1,0
DA:2,0
DA:3,0
DA:4,0
DA:5,0
DA:7,0
DA:9,0
DA:15,0
DA:21,0
DA:22,0
DA:24,0
LF:11
LH:0
BRF:0
BRH:0
end_of_record
TN:
SF:src\routes\billing.ts
FNF:0
FNH:0
DA:1,0
DA:2,0
DA:3,0
DA:4,0
DA:5,0
DA:7,0
DA:9,0
DA:10,0
DA:11,0
DA:12,0
DA:20,0
DA:26,0
LF:12
LH:0
BRF:0
BRH:0
end_of_record
TN:
SF:src\routes\dashboard.ts
FNF:0
FNH:0
DA:1,0
DA:2,0
DA:3,0
DA:5,0
DA:7,0
DA:9,0
LF:6
LH:0
BRF:0
BRH:0
end_of_record
TN:
SF:src\routes\endUsers.ts
FNF:0
FNH:0
DA:1,0
DA:2,0
DA:3,0
DA:4,0
DA:6,0
DA:8,0
DA:10,0
DA:11,0
DA:12,0
DA:13,0
DA:14,0
DA:15,0
DA:16,0
DA:17,0
LF:14
LH:0
BRF:0
BRH:0
end_of_record
TN:
SF:src\routes\reminders.ts
FNF:0
FNH:0
DA:1,0
DA:2,0
DA:3,0
DA:5,0
DA:7,0
DA:9,0
DA:10,0
DA:11,0
DA:13,0
LF:9
LH:0
BRF:0
BRH:0
end_of_record
TN:
SF:src\services\billingService.ts
FN:16,(anonymous_1)
FN:22,(anonymous_2)
FN:148,(anonymous_3)
FN:207,(anonymous_4)
FNF:4
FNH:0
FNDA:0,(anonymous_1)
FNDA:0,(anonymous_2)
FNDA:0,(anonymous_3)
FNDA:0,(anonymous_4)
DA:1,0
DA:2,0
DA:3,0
DA:4,0
DA:5,0
DA:6,0
DA:7,0
DA:9,0
DA:11,0
DA:17,0
DA:18,0
DA:19,0
DA:24,0
DA:26,0
DA:27,0
DA:28,0
DA:29,0
DA:30,0
DA:33,0
DA:34,0
DA:35,0
DA:38,0
DA:39,0
DA:40,0
DA:42,0
DA:51,0
DA:52,0
DA:53,0
DA:56,0
DA:64,0
DA:65,0
DA:66,0
DA:69,0
DA:70,0
DA:71,0
DA:72,0
DA:74,0
DA:90,0
DA:105,0
DA:120,0
DA:123,0
DA:124,0
DA:125,0
DA:127,0
DA:134,0
DA:139,0
DA:140,0
DA:144,0
DA:149,0
DA:151,0
DA:152,0
DA:154,0
DA:159,0
DA:160,0
DA:161,0
DA:164,0
DA:170,0
DA:172,0
DA:180,0
DA:181,0
DA:184,0
DA:185,0
DA:189,0
DA:191,0
DA:196,0
DA:198,0
DA:199,0
DA:203,0
DA:208,0
DA:219,0
DA:221,0
DA:222,0
DA:223,0
DA:224,0
DA:226,0
DA:234,0
LF:76
LH:0
BRDA:28,0,0,0
BRDA:33,1,0,0
BRDA:51,2,0,0
BRDA:64,3,0,0
BRDA:94,4,0,0
BRDA:94,4,1,0
BRDA:123,5,0,0
BRDA:159,6,0,0
BRDA:170,7,0,0
BRDA:170,7,1,0
BRDA:175,8,0,0
BRDA:175,8,1,0
BRDA:180,9,0,0
BRDA:184,10,0,0
BRDA:184,11,0,0
BRDA:184,11,1,0
BRF:16
BRH:0
end_of_record
TN:
SF:src\services\cronService.ts
FN:15,(anonymous_1)
FN:20,(anonymous_2)
FN:23,(anonymous_3)
FN:34,(anonymous_4)
FN:37,(anonymous_5)
FN:48,(anonymous_6)
FN:51,(anonymous_7)
FN:62,(anonymous_8)
FN:65,(anonymous_9)
FN:76,(anonymous_10)
FN:86,(anonymous_11)
FN:151,(anonymous_12)
FN:166,(anonymous_13)
FN:198,(anonymous_14)
FN:236,(anonymous_15)
FNF:15
FNH:0
FNDA:0,(anonymous_1)
FNDA:0,(anonymous_2)
FNDA:0,(anonymous_3)
FNDA:0,(anonymous_4)
FNDA:0,(anonymous_5)
FNDA:0,(anonymous_6)
FNDA:0,(anonymous_7)
FNDA:0,(anonymous_8)
FNDA:0,(anonymous_9)
FNDA:0,(anonymous_10)
FNDA:0,(anonymous_11)
FNDA:0,(anonymous_12)
FNDA:0,(anonymous_13)
FNDA:0,(anonymous_14)
FNDA:0,(anonymous_15)
DA:1,0
DA:2,0
DA:3,0
DA:4,0
DA:5,0
DA:6,0
DA:7,0
DA:9,0
DA:11,0
DA:16,0
DA:17,0
DA:21,0
DA:24,0
DA:25,0
DA:31,0
DA:35,0
DA:38,0
DA:39,0
DA:45,0
DA:49,0
DA:52,0
DA:53,0
DA:59,0
DA:63,0
DA:66,0
DA:67,0
DA:73,0
DA:77,0
DA:78,0
DA:80,0
DA:81,0
DA:82,0
DA:83,0
DA:87,0
DA:101,0
DA:102,0
DA:103,0
DA:113,0
DA:117,0
DA:128,0
DA:130,0
DA:132,0
DA:137,0
DA:152,0
DA:153,0
DA:155,0
DA:167,0
DA:168,0
DA:170,0
DA:177,0
DA:178,0
DA:180,0
DA:181,0
DA:182,0
DA:183,0
DA:185,0
DA:195,0
DA:199,0
DA:200,0
DA:202,0
DA:210,0
DA:211,0
DA:213,0
DA:214,0
DA:215,0
DA:217,0
DA:218,0
DA:219,0
DA:220,0
DA:222,0
DA:233,0
DA:237,0
DA:238,0
DA:239,0
DA:240,0
LF:75
LH:0
BRDA:180,0,0,0
BRDA:214,1,0,0
BRDA:217,2,0,0
BRF:3
BRH:0
end_of_record
TN:
SF:src\services\platformSettingsService.ts
FN:6,(anonymous_1)
FN:15,(anonymous_2)
FN:24,(anonymous_3)
FNF:3
FNH:0
FNDA:0,(anonymous_1)
FNDA:0,(anonymous_2)
FNDA:0,(anonymous_3)
DA:1,0
DA:3,0
DA:5,0
DA:7,0
DA:8,0
DA:9,0
DA:10,0
DA:12,0
DA:16,0
DA:17,0
DA:18,0
DA:20,0
DA:25,0
DA:26,0
LF:14
LH:0
BRDA:8,0,0,0
BRDA:9,1,0,0
BRDA:17,2,0,0
BRDA:17,2,1,0
BRF:4
BRH:0
end_of_record
TN:
SF:src\services\tripayService.ts
FN:35,(anonymous_1)
FN:42,(anonymous_2)
FN:111,(anonymous_3)
FN:140,(anonymous_4)
FNF:4
FNH:0
FNDA:0,(anonymous_1)
FNDA:0,(anonymous_2)
FNDA:0,(anonymous_3)
FNDA:0,(anonymous_4)
DA:1,0
DA:2,0
DA:29,0
DA:36,0
DA:37,0
DA:38,0
DA:39,0
DA:43,0
DA:44,0
DA:48,0
DA:50,0
DA:61,0
DA:64,0
DA:65,0
DA:66,0
DA:72,0
DA:85,0
DA:95,0
DA:96,0
DA:98,0
DA:101,0
DA:105,0
DA:112,0
DA:113,0
DA:122,0
DA:123,0
DA:125,0
DA:130,0
DA:134,0
DA:141,0
DA:142,0
DA:151,0
DA:152,0
DA:154,0
DA:159,0
DA:163,0
LF:36
LH:0
BRDA:36,0,0,0
BRDA:36,0,1,0
BRDA:37,1,0,0
BRDA:37,1,1,0
BRDA:38,2,0,0
BRDA:38,2,1,0
BRDA:39,3,0,0
BRDA:39,3,1,0
BRDA:43,4,0,0
BRDA:80,5,0,0
BRDA:80,5,1,0
BRDA:81,6,0,0
BRDA:81,6,1,0
BRDA:95,7,0,0
BRDA:95,7,1,0
BRDA:98,8,0,0
BRDA:98,8,1,0
BRDA:103,9,0,0
BRDA:103,9,1,0
BRDA:106,10,0,0
BRDA:106,10,1,0
BRDA:122,11,0,0
BRDA:122,11,1,0
BRDA:126,12,0,0
BRDA:126,12,1,0
BRDA:132,13,0,0
BRDA:132,13,1,0
BRDA:135,14,0,0
BRDA:135,14,1,0
BRDA:151,15,0,0
BRDA:151,15,1,0
BRDA:155,16,0,0
BRDA:155,16,1,0
BRDA:161,17,0,0
BRDA:161,17,1,0
BRF:35
BRH:0
end_of_record
TN:
SF:src\services\whatsappService.ts
FN:23,(anonymous_1)
FN:28,(anonymous_2)
FN:72,(anonymous_3)
FN:119,(anonymous_4)
FN:124,(anonymous_5)
FNF:5
FNH:0
FNDA:0,(anonymous_1)
FNDA:0,(anonymous_2)
FNDA:0,(anonymous_3)
FNDA:0,(anonymous_4)
FNDA:0,(anonymous_5)
DA:1,0
DA:2,0
DA:19,0
DA:24,0
DA:25,0
DA:30,0
DA:31,0
DA:32,0
DA:33,0
DA:42,0
DA:43,0
DA:57,0
DA:62,0
DA:66,0
DA:74,0
DA:75,0
DA:76,0
DA:78,0
DA:116,0
DA:120,0
DA:121,0
DA:131,0
DA:143,0
LF:23
LH:0
BRDA:24,0,0,0
BRDA:24,0,1,0
BRDA:25,1,0,0
BRDA:25,1,1,0
BRDA:30,2,0,0
BRDA:64,3,0,0
BRDA:64,3,1,0
BRDA:67,4,0,0
BRDA:67,4,1,0
BRF:9
BRH:0
end_of_record
TN:
SF:src\utils\helpers.ts
FN:3,(anonymous_1)
FN:13,(anonymous_2)
FN:17,(anonymous_3)
FN:23,(anonymous_4)
FN:29,(anonymous_5)
FN:37,(anonymous_6)
FN:48,(anonymous_7)
FN:54,(anonymous_8)
FN:62,(anonymous_9)
FNF:9
FNH:0
FNDA:0,(anonymous_1)
FNDA:0,(anonymous_2)
FNDA:0,(anonymous_3)
FNDA:0,(anonymous_4)
FNDA:0,(anonymous_5)
FNDA:0,(anonymous_6)
FNDA:0,(anonymous_7)
FNDA:0,(anonymous_8)
FNDA:0,(anonymous_9)
DA:1,0
DA:3,0
DA:4,0
DA:5,0
DA:6,0
DA:7,0
DA:10,0
DA:13,0
DA:14,0
DA:17,0
DA:18,0
DA:19,0
DA:20,0
DA:23,0
DA:24,0
DA:25,0
DA:26,0
DA:29,0
DA:30,0
DA:37,0
DA:39,0
DA:40,0
DA:41,0
DA:42,0
DA:43,0
DA:45,0
DA:48,0
DA:49,0
DA:50,0
DA:51,0
DA:54,0
DA:55,0
DA:62,0
DA:63,0
DA:64,0
DA:65,0
LF:36
LH:0
BRDA:3,0,0,0
BRDA:18,1,0,0
BRDA:18,1,1,0
BRDA:24,2,0,0
BRDA:24,2,1,0
BRDA:40,3,0,0
BRDA:40,3,1,0
BRDA:42,4,0,0
BRF:8
BRH:0
end_of_record
TN:
SF:src\utils\logger.ts
FN:19,(anonymous_1)
FNF:1
FNH:0
FNDA:0,(anonymous_1)
DA:1,0
DA:2,0
DA:3,0
DA:5,0
DA:8,0
DA:16,0
DA:20,0
DA:27,0
DA:51,0
DA:52,0
DA:59,0
LF:11
LH:0
BRDA:21,0,0,0
BRDA:21,0,1,0
BRDA:28,1,0,0
BRDA:28,1,1,0
BRDA:51,2,0,0
BRF:5
BRH:0
end_of_record
